<?xml version="1.0" encoding="UTF-8"?>
<testsuite name="rspec" tests="33" skipped="0" failures="0" errors="0" time="2.569707" timestamp="2022-11-11T17:25:17-03:00" hostname="LAPTOP-VCVN42RD">
<properties>
<property name="seed" value="26596"/>
</properties>
<testcase classname="spec.scenarios.booking_post_spec" name=" POST /equipos/{equipo_id}/bookings Solicitar aluguel de equipamento retorna status 200" file="./spec/scenarios/booking_post_spec.rb" time="0.005097"></testcase>
<testcase classname="spec.scenarios.equipo_delete_spec" name="DELETE /equipos/{equipo_id} Obter unico equipo deve retornar 204" file="./spec/scenarios/equipo_delete_spec.rb" time="0.000238"></testcase>
<testcase classname="spec.scenarios.equipo_delete_spec" name="DELETE /equipos/{equipo_id} Equipo nao existe Deve retornar status code 204" file="./spec/scenarios/equipo_delete_spec.rb" time="0.000262"></testcase>
<testcase classname="spec.scenarios.equipo_get_spec" name="GEt /equipos/{equipo_id} Obter unico equipo deve retornar 200" file="./spec/scenarios/equipo_get_spec.rb" time="0.000221"></testcase>
<testcase classname="spec.scenarios.equipo_get_spec" name="GEt /equipos/{equipo_id} Obter unico equipo deve retorno o nome" file="./spec/scenarios/equipo_get_spec.rb" time="0.016954"></testcase>
<testcase classname="spec.scenarios.equipo_get_spec" name="GEt /equipos/{equipo_id} Equipo nao existe Deve retornar status code 404" file="./spec/scenarios/equipo_get_spec.rb" time="0.000294"></testcase>
<testcase classname="spec.scenarios.equipo_get_spec" name="GET / equipos Obter lista de equipamentos deve retornar status 200" file="./spec/scenarios/equipo_get_spec.rb" time="0.000208"></testcase>
<testcase classname="spec.scenarios.equipo_get_spec" name="GET / equipos Obter lista de equipamentos deve retornar uma lista" file="./spec/scenarios/equipo_get_spec.rb" time="0.012308"></testcase>
<testcase classname="spec.scenarios.equipo_post_spec" name="POST /equipos cadastar novo equipo status code 200" file="./spec/scenarios/equipo_post_spec.rb" time="0.000230"></testcase>
<testcase classname="spec.scenarios.equipo_post_spec" name="POST /equipos cadastro nao autorizado status code 401" file="./spec/scenarios/equipo_post_spec.rb" time="0.000353"></testcase>
<testcase classname="spec.scenarios.session_post_spec" name="POST /sessions login com sucesso valida status code" file="./spec/scenarios/session_post_spec.rb" time="0.000286"></testcase>
<testcase classname="spec.scenarios.session_post_spec" name="POST /sessions login com sucesso valida id do usuário" file="./spec/scenarios/session_post_spec.rb" time="0.000353"></testcase>
<testcase classname="spec.scenarios.session_post_spec" name="POST /sessions Email invalido valida status code 401" file="./spec/scenarios/session_post_spec.rb" time="0.000497"></testcase>
<testcase classname="spec.scenarios.session_post_spec" name="POST /sessions Email invalido valida id do usuário" file="./spec/scenarios/session_post_spec.rb" time="0.000315"></testcase>
<testcase classname="spec.scenarios.session_post_spec" name="POST /sessions Senha em branco valida status code 412" file="./spec/scenarios/session_post_spec.rb" time="0.000284"></testcase>
<testcase classname="spec.scenarios.session_post_spec" name="POST /sessions Senha em branco valida id do usuário" file="./spec/scenarios/session_post_spec.rb" time="0.000384"></testcase>
<testcase classname="spec.scenarios.session_post_spec" name="POST /sessions Sem campo senha valida status code 412" file="./spec/scenarios/session_post_spec.rb" time="0.000354"></testcase>
<testcase classname="spec.scenarios.session_post_spec" name="POST /sessions Sem campo senha valida id do usuário" file="./spec/scenarios/session_post_spec.rb" time="0.000512"></testcase>
<testcase classname="spec.scenarios.session_post_spec" name="POST /sessions Email em branco valida status code 412" file="./spec/scenarios/session_post_spec.rb" time="0.000226"></testcase>
<testcase classname="spec.scenarios.session_post_spec" name="POST /sessions Email em branco valida id do usuário" file="./spec/scenarios/session_post_spec.rb" time="0.000240"></testcase>
<testcase classname="spec.scenarios.session_post_spec" name="POST /sessions Sem campo email valida status code 412" file="./spec/scenarios/session_post_spec.rb" time="0.000405"></testcase>
<testcase classname="spec.scenarios.session_post_spec" name="POST /sessions Sem campo email valida id do usuário" file="./spec/scenarios/session_post_spec.rb" time="0.000387"></testcase>
<testcase classname="spec.scenarios.session_post_spec" name="POST /sessions Senha invalida valida status code 401" file="./spec/scenarios/session_post_spec.rb" time="0.000219"></testcase>
<testcase classname="spec.scenarios.session_post_spec" name="POST /sessions Senha invalida valida id do usuário" file="./spec/scenarios/session_post_spec.rb" time="0.000353"></testcase>
<testcase classname="spec.scenarios.signup_post_spec" name="POST /signup novo usuario valida status code" file="./spec/scenarios/signup_post_spec.rb" time="0.000374"></testcase>
<testcase classname="spec.scenarios.signup_post_spec" name="POST /signup novo usuario valida id do usuário" file="./spec/scenarios/signup_post_spec.rb" time="0.000374"></testcase>
<testcase classname="spec.scenarios.signup_post_spec" name="POST /signup usuario duplicado usuario já existente" file="./spec/scenarios/signup_post_spec.rb" time="0.000317"></testcase>
<testcase classname="spec.scenarios.signup_post_spec" name="POST /signup Email em Branco valida status code 412" file="./spec/scenarios/signup_post_spec.rb" time="0.000543"></testcase>
<testcase classname="spec.scenarios.signup_post_spec" name="POST /signup Email em Branco valida id do usuário" file="./spec/scenarios/signup_post_spec.rb" time="0.000306"></testcase>
<testcase classname="spec.scenarios.signup_post_spec" name="POST /signup Senha em branco valida status code 412" file="./spec/scenarios/signup_post_spec.rb" time="0.000373"></testcase>
<testcase classname="spec.scenarios.signup_post_spec" name="POST /signup Senha em branco valida id do usuário" file="./spec/scenarios/signup_post_spec.rb" time="0.000940"></testcase>
<testcase classname="spec.scenarios.signup_post_spec" name="POST /signup Nome em branco valida status code 412" file="./spec/scenarios/signup_post_spec.rb" time="0.000263"></testcase>
<testcase classname="spec.scenarios.signup_post_spec" name="POST /signup Nome em branco valida id do usuário" file="./spec/scenarios/signup_post_spec.rb" time="0.000361"></testcase>
</testsuite>
